[2021-08-12 10:38:43 +0000] [4863] [INFO] Starting gunicorn 20.1.0
[2021-08-12 10:38:43 +0000] [4863] [INFO] Listening at: unix:/home/sgomes/public/GIMME-Web/run/gunicorn.sock (4863)
[2021-08-12 10:38:43 +0000] [4863] [INFO] Using worker: sync
[2021-08-12 10:38:43 +0000] [4868] [INFO] Booting worker with pid: 4868
[2021-08-12 10:38:44 +0000] [4869] [INFO] Booting worker with pid: 4869
[2021-08-12 10:38:44 +0000] [4870] [INFO] Booting worker with pid: 4870
[2021-08-12 10:38:44 +0000] [4872] [INFO] Booting worker with pid: 4872
[2021-08-12 10:39:30 +0000] [4868] [INFO] Worker exiting (pid: 4868)
[2021-08-12 10:39:30 +0000] [4870] [INFO] Worker exiting (pid: 4870)
[2021-08-12 10:39:30 +0000] [4863] [INFO] Handling signal: term
[2021-08-12 10:39:30 +0000] [4872] [INFO] Worker exiting (pid: 4872)
[2021-08-12 10:39:30 +0000] [4869] [INFO] Worker exiting (pid: 4869)
[2021-08-12 10:39:31 +0000] [4863] [INFO] Shutting down: Master
[2021-08-12 10:40:57 +0000] [5006] [INFO] Starting gunicorn 20.1.0
[2021-08-12 10:40:57 +0000] [5006] [INFO] Listening at: unix:/home/sgomes/public/GIMME-Web/run/gunicorn.sock (5006)
[2021-08-12 10:40:57 +0000] [5006] [INFO] Using worker: sync
[2021-08-12 10:40:57 +0000] [5019] [INFO] Booting worker with pid: 5019
[2021-08-12 10:40:57 +0000] [5020] [INFO] Booting worker with pid: 5020
[2021-08-12 10:40:57 +0000] [5024] [INFO] Booting worker with pid: 5024
[2021-08-12 10:40:57 +0000] [5025] [INFO] Booting worker with pid: 5025
[2021-08-12 10:42:52 +0000] [5006] [INFO] Handling signal: term
[2021-08-12 10:42:52 +0000] [5019] [INFO] Worker exiting (pid: 5019)
[2021-08-12 10:42:52 +0000] [5020] [INFO] Worker exiting (pid: 5020)
[2021-08-12 10:42:52 +0000] [5024] [INFO] Worker exiting (pid: 5024)
[2021-08-12 10:42:52 +0000] [5025] [INFO] Worker exiting (pid: 5025)
[2021-08-12 10:42:53 +0000] [5006] [INFO] Shutting down: Master
[2021-08-12 10:43:32 +0000] [5270] [INFO] Starting gunicorn 20.1.0
[2021-08-12 10:43:32 +0000] [5270] [INFO] Listening at: unix:/home/sgomes/public/GIMME-Web/run/gunicorn.sock (5270)
[2021-08-12 10:43:32 +0000] [5270] [INFO] Using worker: sync
[2021-08-12 10:43:32 +0000] [5275] [INFO] Booting worker with pid: 5275
[2021-08-12 10:43:32 +0000] [5276] [INFO] Booting worker with pid: 5276
[2021-08-12 10:43:32 +0000] [5277] [INFO] Booting worker with pid: 5277
[2021-08-12 10:43:32 +0000] [5278] [INFO] Booting worker with pid: 5278
[2021-08-12 10:44:20 +0000] [5270] [INFO] Handling signal: term
[2021-08-12 10:44:20 +0000] [5276] [INFO] Worker exiting (pid: 5276)
[2021-08-12 10:44:20 +0000] [5277] [INFO] Worker exiting (pid: 5277)
[2021-08-12 10:44:20 +0000] [5278] [INFO] Worker exiting (pid: 5278)
[2021-08-12 10:44:20 +0000] [5275] [INFO] Worker exiting (pid: 5275)
[2021-08-12 10:44:20 +0000] [5270] [INFO] Shutting down: Master
[2021-08-12 10:55:16 +0000] [5869] [INFO] Starting gunicorn 20.1.0
[2021-08-12 10:55:16 +0000] [5869] [INFO] Listening at: unix:/home/sgomes/public/GIMME-Web/deploy/run/gunicorn.sock (5869)
[2021-08-12 10:55:16 +0000] [5869] [INFO] Using worker: sync
[2021-08-12 10:55:16 +0000] [5874] [INFO] Booting worker with pid: 5874
[2021-08-12 10:55:16 +0000] [5875] [INFO] Booting worker with pid: 5875
[2021-08-12 10:55:16 +0000] [5876] [INFO] Booting worker with pid: 5876
[2021-08-12 10:55:16 +0000] [5878] [INFO] Booting worker with pid: 5878
[2021-08-12 10:55:24 +0000] [5869] [INFO] Handling signal: int
[2021-08-12 10:55:24 +0000] [5875] [INFO] Worker exiting (pid: 5875)
[2021-08-12 10:55:24 +0000] [5874] [INFO] Worker exiting (pid: 5874)
[2021-08-12 10:55:24 +0000] [5878] [INFO] Worker exiting (pid: 5878)
[2021-08-12 10:55:24 +0000] [5876] [INFO] Worker exiting (pid: 5876)
[2021-08-12 10:55:24 +0000] [5869] [INFO] Shutting down: Master
[2021-08-12 10:57:33 +0000] [6004] [INFO] Starting gunicorn 20.1.0
[2021-08-12 10:57:33 +0000] [6004] [INFO] Listening at: unix:/home/sgomes/public/GIMME-Web/deploy/run/gunicorn.sock (6004)
[2021-08-12 10:57:33 +0000] [6004] [INFO] Using worker: sync
[2021-08-12 10:57:33 +0000] [6009] [INFO] Booting worker with pid: 6009
[2021-08-12 10:57:33 +0000] [6010] [INFO] Booting worker with pid: 6010
[2021-08-12 10:57:33 +0000] [6011] [INFO] Booting worker with pid: 6011
[2021-08-12 10:57:33 +0000] [6012] [INFO] Booting worker with pid: 6012
[2021-08-12 10:57:42 +0000] [6004] [INFO] Handling signal: int
[2021-08-12 10:57:42 +0000] [6009] [INFO] Worker exiting (pid: 6009)
[2021-08-12 10:57:42 +0000] [6010] [INFO] Worker exiting (pid: 6010)
[2021-08-12 10:57:42 +0000] [6012] [INFO] Worker exiting (pid: 6012)
[2021-08-12 10:57:42 +0000] [6011] [INFO] Worker exiting (pid: 6011)
[2021-08-12 10:57:42 +0000] [6004] [INFO] Shutting down: Master
[2021-08-12 11:00:16 +0000] [6158] [INFO] Starting gunicorn 20.1.0
[2021-08-12 11:00:16 +0000] [6158] [INFO] Listening at: unix:/home/sgomes/public/GIMME-Web/deploy/run/gunicorn.sock (6158)
[2021-08-12 11:00:16 +0000] [6158] [INFO] Using worker: sync
[2021-08-12 11:00:16 +0000] [6163] [INFO] Booting worker with pid: 6163
[2021-08-12 11:00:16 +0000] [6164] [INFO] Booting worker with pid: 6164
[2021-08-12 11:00:16 +0000] [6165] [INFO] Booting worker with pid: 6165
[2021-08-12 11:00:16 +0000] [6166] [INFO] Booting worker with pid: 6166
[2021-08-12 11:00:26 +0000] [6158] [INFO] Handling signal: int
[2021-08-12 11:00:26 +0000] [6165] [INFO] Worker exiting (pid: 6165)
[2021-08-12 11:00:26 +0000] [6166] [INFO] Worker exiting (pid: 6166)
[2021-08-12 11:00:26 +0000] [6164] [INFO] Worker exiting (pid: 6164)
[2021-08-12 11:00:26 +0000] [6163] [INFO] Worker exiting (pid: 6163)
[2021-08-12 11:00:27 +0000] [6158] [INFO] Shutting down: Master
[2021-08-12 11:01:49 +0000] [6199] [INFO] Starting gunicorn 20.1.0
[2021-08-12 11:01:49 +0000] [6199] [INFO] Listening at: unix:/home/sgomes/public/GIMME-Web/deploy/run/gunicorn.sock (6199)
[2021-08-12 11:01:49 +0000] [6199] [INFO] Using worker: sync
[2021-08-12 11:01:49 +0000] [6204] [INFO] Booting worker with pid: 6204
[2021-08-12 11:01:49 +0000] [6205] [INFO] Booting worker with pid: 6205
[2021-08-12 11:01:49 +0000] [6206] [INFO] Booting worker with pid: 6206
[2021-08-12 11:01:49 +0000] [6207] [INFO] Booting worker with pid: 6207
[2021-08-12 11:04:13 +0000] [6199] [INFO] Handling signal: term
[2021-08-12 11:04:13 +0000] [6204] [INFO] Worker exiting (pid: 6204)
[2021-08-12 11:04:13 +0000] [6205] [INFO] Worker exiting (pid: 6205)
[2021-08-12 11:04:13 +0000] [6206] [INFO] Worker exiting (pid: 6206)
[2021-08-12 11:04:13 +0000] [6207] [INFO] Worker exiting (pid: 6207)
[2021-08-12 11:04:13 +0000] [6199] [INFO] Shutting down: Master
[2021-08-12 15:24:19 +0000] [11416] [INFO] Starting gunicorn 20.1.0
[2021-08-12 15:24:19 +0000] [11416] [INFO] Listening at: unix:/home/sgomes/public/GIMME-Web/deploy/run/gunicorn.sock (11416)
[2021-08-12 15:24:19 +0000] [11416] [INFO] Using worker: sync
[2021-08-12 15:24:19 +0000] [11421] [INFO] Booting worker with pid: 11421
[2021-08-12 15:24:19 +0000] [11422] [INFO] Booting worker with pid: 11422
[2021-08-12 15:24:19 +0000] [11423] [INFO] Booting worker with pid: 11423
[2021-08-12 15:24:19 +0000] [11424] [INFO] Booting worker with pid: 11424
[2021-08-12 15:24:35 +0000] [11416] [INFO] Handling signal: int
[2021-08-12 15:24:35 +0000] [11424] [INFO] Worker exiting (pid: 11424)
[2021-08-12 15:24:35 +0000] [11422] [INFO] Worker exiting (pid: 11422)
[2021-08-12 15:24:35 +0000] [11421] [INFO] Worker exiting (pid: 11421)
[2021-08-12 15:24:35 +0000] [11423] [INFO] Worker exiting (pid: 11423)
[2021-08-12 15:24:36 +0000] [11416] [INFO] Shutting down: Master
[2021-08-12 15:25:38 +0000] [11451] [INFO] Starting gunicorn 20.1.0
[2021-08-12 15:25:38 +0000] [11451] [INFO] Listening at: unix:/home/sgomes/public/GIMME-Web/deploy/run/gunicorn.sock (11451)
[2021-08-12 15:25:38 +0000] [11451] [INFO] Using worker: sync
[2021-08-12 15:25:38 +0000] [11456] [INFO] Booting worker with pid: 11456
[2021-08-12 15:25:38 +0000] [11457] [INFO] Booting worker with pid: 11457
[2021-08-12 15:25:38 +0000] [11459] [INFO] Booting worker with pid: 11459
[2021-08-12 15:25:38 +0000] [11460] [INFO] Booting worker with pid: 11460
